{"C:\\Users\\user\\ShearwaterAICAD\\ui\\src\\App.css": {"path":"C:\\Users\\user\\ShearwaterAICAD\\ui\\src\\App.css","statementMap":{},"fnMap":{},"branchMap":{},"s":{},"f":{},"b":{},"meta":{"lastBranch":0,"lastFunction":0,"lastStatement":0,"seen":{}}}
,"C:\\Users\\user\\ShearwaterAICAD\\ui\\src\\App.tsx": {"path":"C:\\Users\\user\\ShearwaterAICAD\\ui\\src\\App.tsx","statementMap":{"0":{"start":{"line":5,"column":46},"end":{"line":5,"column":null}},"1":{"start":{"line":6,"column":30},"end":{"line":6,"column":null}},"2":{"start":{"line":7,"column":38},"end":{"line":7,"column":null}},"3":{"start":{"line":9,"column":2},"end":{"line":12,"column":null}},"4":{"start":{"line":11,"column":4},"end":{"line":11,"column":null}},"5":{"start":{"line":14,"column":2},"end":{"line":66,"column":null}}},"fnMap":{"0":{"name":"App","decl":{"start":{"line":4,"column":9},"end":{"line":4,"column":15}},"loc":{"start":{"line":4,"column":15},"end":{"line":68,"column":null}},"line":4},"1":{"name":"(anonymous_1)","decl":{"start":{"line":9,"column":12},"end":{"line":9,"column":18}},"loc":{"start":{"line":9,"column":18},"end":{"line":12,"column":5}},"line":9}},"branchMap":{"0":{"loc":{"start":{"line":23,"column":73},"end":{"line":23,"column":140}},"type":"cond-expr","locations":[{"start":{"line":23,"column":108},"end":{"line":23,"column":125}},{"start":{"line":23,"column":125},"end":{"line":23,"column":140}}],"line":23},"1":{"loc":{"start":{"line":24,"column":54},"end":{"line":24,"column":121}},"type":"cond-expr","locations":[{"start":{"line":24,"column":89},"end":{"line":24,"column":106}},{"start":{"line":24,"column":106},"end":{"line":24,"column":121}}],"line":24},"2":{"loc":{"start":{"line":61,"column":67},"end":{"line":61,"column":124}},"type":"cond-expr","locations":[{"start":{"line":61,"column":102},"end":{"line":61,"column":113}},{"start":{"line":61,"column":113},"end":{"line":61,"column":124}}],"line":61}},"s":{"0":18,"1":18,"2":18,"3":18,"4":9,"5":18},"f":{"0":18,"1":9},"b":{"0":[9,9],"1":[9,9],"2":[9,9]},"meta":{"lastBranch":3,"lastFunction":2,"lastStatement":6,"seen":{"f:4:9:4:15":0,"s:5:46:5:Infinity":0,"s:6:30:6:Infinity":1,"s:7:38:7:Infinity":2,"s:9:2:12:Infinity":3,"f:9:12:9:18":1,"s:11:4:11:Infinity":4,"s:14:2:66:Infinity":5,"b:23:108:23:125:23:125:23:140":0,"b:24:89:24:106:24:106:24:121":1,"b:61:102:61:113:61:113:61:124":2}}}
}
